<?xml version="1.0" encoding="UTF-8"?>
<testsuite xmlns:xsi="http://www.w3.org/2001/XMLSchema-instance" xsi:noNamespaceSchemaLocation="https://maven.apache.org/surefire/maven-surefire-plugin/xsd/surefire-test-report.xsd" name="org.TestUtils.AndroidBaseTest" time="0.581" tests="0" errors="0" skipped="0" failures="0">
  <properties>
    <property name="sun.desktop" value="windows"/>
    <property name="awt.toolkit" value="sun.awt.windows.WToolkit"/>
    <property name="java.specification.version" value="11"/>
    <property name="sun.cpu.isalist" value="amd64"/>
    <property name="sun.jnu.encoding" value="Cp1252"/>
    <property name="java.class.path" value="D:\PTC_Appium_POC\AppiumFrameworkDesign\target\test-classes;D:\PTC_Appium_POC\AppiumFrameworkDesign\target\classes;C:\Users\quy.buithi\.m2\repository\io\appium\java-client\8.5.0\java-client-8.5.0.jar;C:\Users\quy.buithi\.m2\repository\org\seleniumhq\selenium\selenium-api\4.12.1\selenium-api-4.12.1.jar;C:\Users\quy.buithi\.m2\repository\org\seleniumhq\selenium\selenium-remote-driver\4.12.1\selenium-remote-driver-4.12.1.jar;C:\Users\quy.buithi\.m2\repository\com\google\auto\service\auto-service-annotations\1.1.1\auto-service-annotations-1.1.1.jar;C:\Users\quy.buithi\.m2\repository\com\google\guava\guava\32.1.2-jre\guava-32.1.2-jre.jar;C:\Users\quy.buithi\.m2\repository\com\google\guava\failureaccess\1.0.1\failureaccess-1.0.1.jar;C:\Users\quy.buithi\.m2\repository\com\google\guava\listenablefuture\9999.0-empty-to-avoid-conflict-with-guava\listenablefuture-9999.0-empty-to-avoid-conflict-with-guava.jar;C:\Users\quy.buithi\.m2\repository\com\google\code\findbugs\jsr305\3.0.2\jsr305-3.0.2.jar;C:\Users\quy.buithi\.m2\repository\org\checkerframework\checker-qual\3.33.0\checker-qual-3.33.0.jar;C:\Users\quy.buithi\.m2\repository\com\google\errorprone\error_prone_annotations\2.18.0\error_prone_annotations-2.18.0.jar;C:\Users\quy.buithi\.m2\repository\com\google\j2objc\j2objc-annotations\2.8\j2objc-annotations-2.8.jar;C:\Users\quy.buithi\.m2\repository\io\netty\netty-buffer\4.1.96.Final\netty-buffer-4.1.96.Final.jar;C:\Users\quy.buithi\.m2\repository\io\netty\netty-codec-http\4.1.96.Final\netty-codec-http-4.1.96.Final.jar;C:\Users\quy.buithi\.m2\repository\io\netty\netty-codec\4.1.96.Final\netty-codec-4.1.96.Final.jar;C:\Users\quy.buithi\.m2\repository\io\netty\netty-handler\4.1.96.Final\netty-handler-4.1.96.Final.jar;C:\Users\quy.buithi\.m2\repository\io\netty\netty-common\4.1.96.Final\netty-common-4.1.96.Final.jar;C:\Users\quy.buithi\.m2\repository\io\netty\netty-transport-classes-epoll\4.1.96.Final\netty-transport-classes-epoll-4.1.96.Final.jar;C:\Users\quy.buithi\.m2\repository\io\netty\netty-transport-classes-kqueue\4.1.96.Final\netty-transport-classes-kqueue-4.1.96.Final.jar;C:\Users\quy.buithi\.m2\repository\io\netty\netty-transport-native-epoll\4.1.96.Final\netty-transport-native-epoll-4.1.96.Final.jar;C:\Users\quy.buithi\.m2\repository\io\netty\netty-transport-native-kqueue\4.1.96.Final\netty-transport-native-kqueue-4.1.96.Final.jar;C:\Users\quy.buithi\.m2\repository\io\netty\netty-transport-native-unix-common\4.1.96.Final\netty-transport-native-unix-common-4.1.96.Final.jar;C:\Users\quy.buithi\.m2\repository\io\netty\netty-transport\4.1.96.Final\netty-transport-4.1.96.Final.jar;C:\Users\quy.buithi\.m2\repository\io\netty\netty-resolver\4.1.96.Final\netty-resolver-4.1.96.Final.jar;C:\Users\quy.buithi\.m2\repository\io\opentelemetry\opentelemetry-api\1.28.0\opentelemetry-api-1.28.0.jar;C:\Users\quy.buithi\.m2\repository\io\opentelemetry\opentelemetry-context\1.28.0\opentelemetry-context-1.28.0.jar;C:\Users\quy.buithi\.m2\repository\io\opentelemetry\opentelemetry-exporter-logging\1.28.0\opentelemetry-exporter-logging-1.28.0.jar;C:\Users\quy.buithi\.m2\repository\io\opentelemetry\opentelemetry-sdk-metrics\1.28.0\opentelemetry-sdk-metrics-1.28.0.jar;C:\Users\quy.buithi\.m2\repository\io\opentelemetry\opentelemetry-extension-incubator\1.28.0-alpha\opentelemetry-extension-incubator-1.28.0-alpha.jar;C:\Users\quy.buithi\.m2\repository\io\opentelemetry\opentelemetry-sdk-logs\1.28.0\opentelemetry-sdk-logs-1.28.0.jar;C:\Users\quy.buithi\.m2\repository\io\opentelemetry\opentelemetry-sdk-common\1.28.0\opentelemetry-sdk-common-1.28.0.jar;C:\Users\quy.buithi\.m2\repository\io\opentelemetry\opentelemetry-sdk-extension-autoconfigure-spi\1.28.0\opentelemetry-sdk-extension-autoconfigure-spi-1.28.0.jar;C:\Users\quy.buithi\.m2\repository\io\opentelemetry\opentelemetry-sdk-extension-autoconfigure\1.28.0\opentelemetry-sdk-extension-autoconfigure-1.28.0.jar;C:\Users\quy.buithi\.m2\repository\io\opentelemetry\opentelemetry-api-events\1.28.0-alpha\opentelemetry-api-events-1.28.0-alpha.jar;C:\Users\quy.buithi\.m2\repository\io\opentelemetry\opentelemetry-sdk-trace\1.28.0\opentelemetry-sdk-trace-1.28.0.jar;C:\Users\quy.buithi\.m2\repository\io\opentelemetry\opentelemetry-sdk\1.28.0\opentelemetry-sdk-1.28.0.jar;C:\Users\quy.buithi\.m2\repository\io\opentelemetry\opentelemetry-semconv\1.28.0-alpha\opentelemetry-semconv-1.28.0-alpha.jar;C:\Users\quy.buithi\.m2\repository\net\bytebuddy\byte-buddy\1.14.5\byte-buddy-1.14.5.jar;C:\Users\quy.buithi\.m2\repository\org\asynchttpclient\async-http-client\2.12.3\async-http-client-2.12.3.jar;C:\Users\quy.buithi\.m2\repository\org\asynchttpclient\async-http-client-netty-utils\2.12.3\async-http-client-netty-utils-2.12.3.jar;C:\Users\quy.buithi\.m2\repository\io\netty\netty-codec-socks\4.1.60.Final\netty-codec-socks-4.1.60.Final.jar;C:\Users\quy.buithi\.m2\repository\io\netty\netty-handler-proxy\4.1.60.Final\netty-handler-proxy-4.1.60.Final.jar;C:\Users\quy.buithi\.m2\repository\io\netty\netty-transport-native-epoll\4.1.60.Final\netty-transport-native-epoll-4.1.60.Final-linux-x86_64.jar;C:\Users\quy.buithi\.m2\repository\io\netty\netty-transport-native-kqueue\4.1.60.Final\netty-transport-native-kqueue-4.1.60.Final-osx-x86_64.jar;C:\Users\quy.buithi\.m2\repository\org\reactivestreams\reactive-streams\1.0.3\reactive-streams-1.0.3.jar;C:\Users\quy.buithi\.m2\repository\com\typesafe\netty\netty-reactive-streams\2.0.4\netty-reactive-streams-2.0.4.jar;C:\Users\quy.buithi\.m2\repository\com\sun\activation\jakarta.activation\1.2.2\jakarta.activation-1.2.2.jar;C:\Users\quy.buithi\.m2\repository\org\seleniumhq\selenium\selenium-http\4.12.1\selenium-http-4.12.1.jar;C:\Users\quy.buithi\.m2\repository\dev\failsafe\failsafe\3.3.2\failsafe-3.3.2.jar;C:\Users\quy.buithi\.m2\repository\org\seleniumhq\selenium\selenium-json\4.12.1\selenium-json-4.12.1.jar;C:\Users\quy.buithi\.m2\repository\org\seleniumhq\selenium\selenium-manager\4.12.1\selenium-manager-4.12.1.jar;C:\Users\quy.buithi\.m2\repository\org\seleniumhq\selenium\selenium-os\4.12.1\selenium-os-4.12.1.jar;C:\Users\quy.buithi\.m2\repository\org\apache\commons\commons-exec\1.3\commons-exec-1.3.jar;C:\Users\quy.buithi\.m2\repository\org\seleniumhq\selenium\selenium-support\4.12.1\selenium-support-4.12.1.jar;C:\Users\quy.buithi\.m2\repository\com\google\code\gson\gson\2.10.1\gson-2.10.1.jar;C:\Users\quy.buithi\.m2\repository\cglib\cglib\3.3.0\cglib-3.3.0.jar;C:\Users\quy.buithi\.m2\repository\org\ow2\asm\asm\7.1\asm-7.1.jar;C:\Users\quy.buithi\.m2\repository\commons-validator\commons-validator\1.7\commons-validator-1.7.jar;C:\Users\quy.buithi\.m2\repository\commons-beanutils\commons-beanutils\1.9.4\commons-beanutils-1.9.4.jar;C:\Users\quy.buithi\.m2\repository\commons-digester\commons-digester\2.1\commons-digester-2.1.jar;C:\Users\quy.buithi\.m2\repository\commons-logging\commons-logging\1.2\commons-logging-1.2.jar;C:\Users\quy.buithi\.m2\repository\commons-collections\commons-collections\3.2.2\commons-collections-3.2.2.jar;C:\Users\quy.buithi\.m2\repository\org\apache\commons\commons-lang3\3.12.0\commons-lang3-3.12.0.jar;C:\Users\quy.buithi\.m2\repository\org\slf4j\slf4j-api\2.0.7\slf4j-api-2.0.7.jar;C:\Users\quy.buithi\.m2\repository\org\seleniumhq\selenium\selenium-java\4.0.0-beta-3\selenium-java-4.0.0-beta-3.jar;C:\Users\quy.buithi\.m2\repository\org\seleniumhq\selenium\selenium-chrome-driver\4.0.0-beta-3\selenium-chrome-driver-4.0.0-beta-3.jar;C:\Users\quy.buithi\.m2\repository\com\google\auto\service\auto-service\1.0-rc7\auto-service-1.0-rc7.jar;C:\Users\quy.buithi\.m2\repository\com\google\auto\auto-common\0.10\auto-common-0.10.jar;C:\Users\quy.buithi\.m2\repository\org\seleniumhq\selenium\selenium-chromium-driver\4.0.0-beta-3\selenium-chromium-driver-4.0.0-beta-3.jar;C:\Users\quy.buithi\.m2\repository\org\seleniumhq\selenium\selenium-devtools\4.0.0-beta-3\selenium-devtools-4.0.0-beta-3.jar;C:\Users\quy.buithi\.m2\repository\org\seleniumhq\selenium\selenium-devtools-v85\4.0.0-beta-3\selenium-devtools-v85-4.0.0-beta-3.jar;C:\Users\quy.buithi\.m2\repository\org\seleniumhq\selenium\selenium-devtools-v88\4.0.0-beta-3\selenium-devtools-v88-4.0.0-beta-3.jar;C:\Users\quy.buithi\.m2\repository\org\seleniumhq\selenium\selenium-devtools-v89\4.0.0-beta-3\selenium-devtools-v89-4.0.0-beta-3.jar;C:\Users\quy.buithi\.m2\repository\org\seleniumhq\selenium\selenium-devtools-v90\4.0.0-beta-3\selenium-devtools-v90-4.0.0-beta-3.jar;C:\Users\quy.buithi\.m2\repository\org\seleniumhq\selenium\selenium-devtools-v91\4.0.0-beta-3\selenium-devtools-v91-4.0.0-beta-3.jar;C:\Users\quy.buithi\.m2\repository\org\seleniumhq\selenium\selenium-edge-driver\4.0.0-beta-3\selenium-edge-driver-4.0.0-beta-3.jar;C:\Users\quy.buithi\.m2\repository\org\seleniumhq\selenium\selenium-firefox-driver\4.0.0-beta-3\selenium-firefox-driver-4.0.0-beta-3.jar;C:\Users\quy.buithi\.m2\repository\org\seleniumhq\selenium\selenium-firefox-xpi-driver\4.0.0-beta-3\selenium-firefox-xpi-driver-4.0.0-beta-3.jar;C:\Users\quy.buithi\.m2\repository\org\seleniumhq\selenium\selenium-ie-driver\4.0.0-beta-3\selenium-ie-driver-4.0.0-beta-3.jar;C:\Users\quy.buithi\.m2\repository\org\seleniumhq\selenium\selenium-opera-driver\4.0.0-beta-3\selenium-opera-driver-4.0.0-beta-3.jar;C:\Users\quy.buithi\.m2\repository\org\seleniumhq\selenium\selenium-safari-driver\4.0.0-beta-3\selenium-safari-driver-4.0.0-beta-3.jar;C:\Users\quy.buithi\.m2\repository\org\testng\testng\6.14.3\testng-6.14.3.jar;C:\Users\quy.buithi\.m2\repository\com\beust\jcommander\1.72\jcommander-1.72.jar;C:\Users\quy.buithi\.m2\repository\org\apache-extras\beanshell\bsh\2.0b6\bsh-2.0b6.jar;C:\Users\quy.buithi\.m2\repository\com\aventstack\extentreports\4.1.3\extentreports-4.1.3.jar;C:\Users\quy.buithi\.m2\repository\org\freemarker\freemarker\2.3.29\freemarker-2.3.29.jar;C:\Users\quy.buithi\.m2\repository\org\apache\httpcomponents\httpclient\4.5.2\httpclient-4.5.2.jar;C:\Users\quy.buithi\.m2\repository\org\apache\httpcomponents\httpcore\4.4.4\httpcore-4.4.4.jar;C:\Users\quy.buithi\.m2\repository\commons-codec\commons-codec\1.9\commons-codec-1.9.jar;C:\Users\quy.buithi\.m2\repository\org\apache\httpcomponents\httpmime\4.5.2\httpmime-4.5.2.jar;C:\Users\quy.buithi\.m2\repository\org\mongodb\mongodb-driver\3.12.0\mongodb-driver-3.12.0.jar;C:\Users\quy.buithi\.m2\repository\org\mongodb\mongodb-driver-core\3.12.0\mongodb-driver-core-3.12.0.jar;C:\Users\quy.buithi\.m2\repository\org\mongodb\bson\3.12.0\bson-3.12.0.jar;C:\Users\quy.buithi\.m2\repository\com\fasterxml\jackson\core\jackson-databind\2.13.3\jackson-databind-2.13.3.jar;C:\Users\quy.buithi\.m2\repository\com\fasterxml\jackson\core\jackson-annotations\2.13.3\jackson-annotations-2.13.3.jar;C:\Users\quy.buithi\.m2\repository\com\fasterxml\jackson\core\jackson-core\2.13.3\jackson-core-2.13.3.jar;C:\Users\quy.buithi\.m2\repository\commons-io\commons-io\2.11.0\commons-io-2.11.0.jar;C:\Users\quy.buithi\.m2\repository\com\browserstack\browserstack-local-java\1.0.6\browserstack-local-java-1.0.6.jar;C:\Users\quy.buithi\.m2\repository\org\json\json\20160212\json-20160212.jar;"/>
    <property name="java.vm.vendor" value="Oracle Corporation"/>
    <property name="sun.arch.data.model" value="64"/>
    <property name="user.variant" value=""/>
    <property name="java.vendor.url" value="https://openjdk.java.net/"/>
    <property name="user.timezone" value="Asia/Bangkok"/>
    <property name="java.vm.specification.version" value="11"/>
    <property name="os.name" value="Windows 10"/>
    <property name="sun.java.launcher" value="SUN_STANDARD"/>
    <property name="user.country" value="US"/>
    <property name="sun.boot.library.path" value="C:\Program Files\Java\jdk-11\bin"/>
    <property name="sun.java.command" value="C:\Users\QUY~1.BUI\AppData\Local\Temp\surefire10722181120243932158\surefirebooter12815688575152848646.jar C:\Users\quy.buithi\AppData\Local\Temp\surefire10722181120243932158 2023-09-20T14-06-07_034-jvmRun1 surefire12930514942466726633tmp surefire_013995020132808666936tmp"/>
    <property name="jdk.debug" value="release"/>
    <property name="surefire.test.class.path" value="D:\PTC_Appium_POC\AppiumFrameworkDesign\target\test-classes;D:\PTC_Appium_POC\AppiumFrameworkDesign\target\classes;C:\Users\quy.buithi\.m2\repository\io\appium\java-client\8.5.0\java-client-8.5.0.jar;C:\Users\quy.buithi\.m2\repository\org\seleniumhq\selenium\selenium-api\4.12.1\selenium-api-4.12.1.jar;C:\Users\quy.buithi\.m2\repository\org\seleniumhq\selenium\selenium-remote-driver\4.12.1\selenium-remote-driver-4.12.1.jar;C:\Users\quy.buithi\.m2\repository\com\google\auto\service\auto-service-annotations\1.1.1\auto-service-annotations-1.1.1.jar;C:\Users\quy.buithi\.m2\repository\com\google\guava\guava\32.1.2-jre\guava-32.1.2-jre.jar;C:\Users\quy.buithi\.m2\repository\com\google\guava\failureaccess\1.0.1\failureaccess-1.0.1.jar;C:\Users\quy.buithi\.m2\repository\com\google\guava\listenablefuture\9999.0-empty-to-avoid-conflict-with-guava\listenablefuture-9999.0-empty-to-avoid-conflict-with-guava.jar;C:\Users\quy.buithi\.m2\repository\com\google\code\findbugs\jsr305\3.0.2\jsr305-3.0.2.jar;C:\Users\quy.buithi\.m2\repository\org\checkerframework\checker-qual\3.33.0\checker-qual-3.33.0.jar;C:\Users\quy.buithi\.m2\repository\com\google\errorprone\error_prone_annotations\2.18.0\error_prone_annotations-2.18.0.jar;C:\Users\quy.buithi\.m2\repository\com\google\j2objc\j2objc-annotations\2.8\j2objc-annotations-2.8.jar;C:\Users\quy.buithi\.m2\repository\io\netty\netty-buffer\4.1.96.Final\netty-buffer-4.1.96.Final.jar;C:\Users\quy.buithi\.m2\repository\io\netty\netty-codec-http\4.1.96.Final\netty-codec-http-4.1.96.Final.jar;C:\Users\quy.buithi\.m2\repository\io\netty\netty-codec\4.1.96.Final\netty-codec-4.1.96.Final.jar;C:\Users\quy.buithi\.m2\repository\io\netty\netty-handler\4.1.96.Final\netty-handler-4.1.96.Final.jar;C:\Users\quy.buithi\.m2\repository\io\netty\netty-common\4.1.96.Final\netty-common-4.1.96.Final.jar;C:\Users\quy.buithi\.m2\repository\io\netty\netty-transport-classes-epoll\4.1.96.Final\netty-transport-classes-epoll-4.1.96.Final.jar;C:\Users\quy.buithi\.m2\repository\io\netty\netty-transport-classes-kqueue\4.1.96.Final\netty-transport-classes-kqueue-4.1.96.Final.jar;C:\Users\quy.buithi\.m2\repository\io\netty\netty-transport-native-epoll\4.1.96.Final\netty-transport-native-epoll-4.1.96.Final.jar;C:\Users\quy.buithi\.m2\repository\io\netty\netty-transport-native-kqueue\4.1.96.Final\netty-transport-native-kqueue-4.1.96.Final.jar;C:\Users\quy.buithi\.m2\repository\io\netty\netty-transport-native-unix-common\4.1.96.Final\netty-transport-native-unix-common-4.1.96.Final.jar;C:\Users\quy.buithi\.m2\repository\io\netty\netty-transport\4.1.96.Final\netty-transport-4.1.96.Final.jar;C:\Users\quy.buithi\.m2\repository\io\netty\netty-resolver\4.1.96.Final\netty-resolver-4.1.96.Final.jar;C:\Users\quy.buithi\.m2\repository\io\opentelemetry\opentelemetry-api\1.28.0\opentelemetry-api-1.28.0.jar;C:\Users\quy.buithi\.m2\repository\io\opentelemetry\opentelemetry-context\1.28.0\opentelemetry-context-1.28.0.jar;C:\Users\quy.buithi\.m2\repository\io\opentelemetry\opentelemetry-exporter-logging\1.28.0\opentelemetry-exporter-logging-1.28.0.jar;C:\Users\quy.buithi\.m2\repository\io\opentelemetry\opentelemetry-sdk-metrics\1.28.0\opentelemetry-sdk-metrics-1.28.0.jar;C:\Users\quy.buithi\.m2\repository\io\opentelemetry\opentelemetry-extension-incubator\1.28.0-alpha\opentelemetry-extension-incubator-1.28.0-alpha.jar;C:\Users\quy.buithi\.m2\repository\io\opentelemetry\opentelemetry-sdk-logs\1.28.0\opentelemetry-sdk-logs-1.28.0.jar;C:\Users\quy.buithi\.m2\repository\io\opentelemetry\opentelemetry-sdk-common\1.28.0\opentelemetry-sdk-common-1.28.0.jar;C:\Users\quy.buithi\.m2\repository\io\opentelemetry\opentelemetry-sdk-extension-autoconfigure-spi\1.28.0\opentelemetry-sdk-extension-autoconfigure-spi-1.28.0.jar;C:\Users\quy.buithi\.m2\repository\io\opentelemetry\opentelemetry-sdk-extension-autoconfigure\1.28.0\opentelemetry-sdk-extension-autoconfigure-1.28.0.jar;C:\Users\quy.buithi\.m2\repository\io\opentelemetry\opentelemetry-api-events\1.28.0-alpha\opentelemetry-api-events-1.28.0-alpha.jar;C:\Users\quy.buithi\.m2\repository\io\opentelemetry\opentelemetry-sdk-trace\1.28.0\opentelemetry-sdk-trace-1.28.0.jar;C:\Users\quy.buithi\.m2\repository\io\opentelemetry\opentelemetry-sdk\1.28.0\opentelemetry-sdk-1.28.0.jar;C:\Users\quy.buithi\.m2\repository\io\opentelemetry\opentelemetry-semconv\1.28.0-alpha\opentelemetry-semconv-1.28.0-alpha.jar;C:\Users\quy.buithi\.m2\repository\net\bytebuddy\byte-buddy\1.14.5\byte-buddy-1.14.5.jar;C:\Users\quy.buithi\.m2\repository\org\asynchttpclient\async-http-client\2.12.3\async-http-client-2.12.3.jar;C:\Users\quy.buithi\.m2\repository\org\asynchttpclient\async-http-client-netty-utils\2.12.3\async-http-client-netty-utils-2.12.3.jar;C:\Users\quy.buithi\.m2\repository\io\netty\netty-codec-socks\4.1.60.Final\netty-codec-socks-4.1.60.Final.jar;C:\Users\quy.buithi\.m2\repository\io\netty\netty-handler-proxy\4.1.60.Final\netty-handler-proxy-4.1.60.Final.jar;C:\Users\quy.buithi\.m2\repository\io\netty\netty-transport-native-epoll\4.1.60.Final\netty-transport-native-epoll-4.1.60.Final-linux-x86_64.jar;C:\Users\quy.buithi\.m2\repository\io\netty\netty-transport-native-kqueue\4.1.60.Final\netty-transport-native-kqueue-4.1.60.Final-osx-x86_64.jar;C:\Users\quy.buithi\.m2\repository\org\reactivestreams\reactive-streams\1.0.3\reactive-streams-1.0.3.jar;C:\Users\quy.buithi\.m2\repository\com\typesafe\netty\netty-reactive-streams\2.0.4\netty-reactive-streams-2.0.4.jar;C:\Users\quy.buithi\.m2\repository\com\sun\activation\jakarta.activation\1.2.2\jakarta.activation-1.2.2.jar;C:\Users\quy.buithi\.m2\repository\org\seleniumhq\selenium\selenium-http\4.12.1\selenium-http-4.12.1.jar;C:\Users\quy.buithi\.m2\repository\dev\failsafe\failsafe\3.3.2\failsafe-3.3.2.jar;C:\Users\quy.buithi\.m2\repository\org\seleniumhq\selenium\selenium-json\4.12.1\selenium-json-4.12.1.jar;C:\Users\quy.buithi\.m2\repository\org\seleniumhq\selenium\selenium-manager\4.12.1\selenium-manager-4.12.1.jar;C:\Users\quy.buithi\.m2\repository\org\seleniumhq\selenium\selenium-os\4.12.1\selenium-os-4.12.1.jar;C:\Users\quy.buithi\.m2\repository\org\apache\commons\commons-exec\1.3\commons-exec-1.3.jar;C:\Users\quy.buithi\.m2\repository\org\seleniumhq\selenium\selenium-support\4.12.1\selenium-support-4.12.1.jar;C:\Users\quy.buithi\.m2\repository\com\google\code\gson\gson\2.10.1\gson-2.10.1.jar;C:\Users\quy.buithi\.m2\repository\cglib\cglib\3.3.0\cglib-3.3.0.jar;C:\Users\quy.buithi\.m2\repository\org\ow2\asm\asm\7.1\asm-7.1.jar;C:\Users\quy.buithi\.m2\repository\commons-validator\commons-validator\1.7\commons-validator-1.7.jar;C:\Users\quy.buithi\.m2\repository\commons-beanutils\commons-beanutils\1.9.4\commons-beanutils-1.9.4.jar;C:\Users\quy.buithi\.m2\repository\commons-digester\commons-digester\2.1\commons-digester-2.1.jar;C:\Users\quy.buithi\.m2\repository\commons-logging\commons-logging\1.2\commons-logging-1.2.jar;C:\Users\quy.buithi\.m2\repository\commons-collections\commons-collections\3.2.2\commons-collections-3.2.2.jar;C:\Users\quy.buithi\.m2\repository\org\apache\commons\commons-lang3\3.12.0\commons-lang3-3.12.0.jar;C:\Users\quy.buithi\.m2\repository\org\slf4j\slf4j-api\2.0.7\slf4j-api-2.0.7.jar;C:\Users\quy.buithi\.m2\repository\org\seleniumhq\selenium\selenium-java\4.0.0-beta-3\selenium-java-4.0.0-beta-3.jar;C:\Users\quy.buithi\.m2\repository\org\seleniumhq\selenium\selenium-chrome-driver\4.0.0-beta-3\selenium-chrome-driver-4.0.0-beta-3.jar;C:\Users\quy.buithi\.m2\repository\com\google\auto\service\auto-service\1.0-rc7\auto-service-1.0-rc7.jar;C:\Users\quy.buithi\.m2\repository\com\google\auto\auto-common\0.10\auto-common-0.10.jar;C:\Users\quy.buithi\.m2\repository\org\seleniumhq\selenium\selenium-chromium-driver\4.0.0-beta-3\selenium-chromium-driver-4.0.0-beta-3.jar;C:\Users\quy.buithi\.m2\repository\org\seleniumhq\selenium\selenium-devtools\4.0.0-beta-3\selenium-devtools-4.0.0-beta-3.jar;C:\Users\quy.buithi\.m2\repository\org\seleniumhq\selenium\selenium-devtools-v85\4.0.0-beta-3\selenium-devtools-v85-4.0.0-beta-3.jar;C:\Users\quy.buithi\.m2\repository\org\seleniumhq\selenium\selenium-devtools-v88\4.0.0-beta-3\selenium-devtools-v88-4.0.0-beta-3.jar;C:\Users\quy.buithi\.m2\repository\org\seleniumhq\selenium\selenium-devtools-v89\4.0.0-beta-3\selenium-devtools-v89-4.0.0-beta-3.jar;C:\Users\quy.buithi\.m2\repository\org\seleniumhq\selenium\selenium-devtools-v90\4.0.0-beta-3\selenium-devtools-v90-4.0.0-beta-3.jar;C:\Users\quy.buithi\.m2\repository\org\seleniumhq\selenium\selenium-devtools-v91\4.0.0-beta-3\selenium-devtools-v91-4.0.0-beta-3.jar;C:\Users\quy.buithi\.m2\repository\org\seleniumhq\selenium\selenium-edge-driver\4.0.0-beta-3\selenium-edge-driver-4.0.0-beta-3.jar;C:\Users\quy.buithi\.m2\repository\org\seleniumhq\selenium\selenium-firefox-driver\4.0.0-beta-3\selenium-firefox-driver-4.0.0-beta-3.jar;C:\Users\quy.buithi\.m2\repository\org\seleniumhq\selenium\selenium-firefox-xpi-driver\4.0.0-beta-3\selenium-firefox-xpi-driver-4.0.0-beta-3.jar;C:\Users\quy.buithi\.m2\repository\org\seleniumhq\selenium\selenium-ie-driver\4.0.0-beta-3\selenium-ie-driver-4.0.0-beta-3.jar;C:\Users\quy.buithi\.m2\repository\org\seleniumhq\selenium\selenium-opera-driver\4.0.0-beta-3\selenium-opera-driver-4.0.0-beta-3.jar;C:\Users\quy.buithi\.m2\repository\org\seleniumhq\selenium\selenium-safari-driver\4.0.0-beta-3\selenium-safari-driver-4.0.0-beta-3.jar;C:\Users\quy.buithi\.m2\repository\org\testng\testng\6.14.3\testng-6.14.3.jar;C:\Users\quy.buithi\.m2\repository\com\beust\jcommander\1.72\jcommander-1.72.jar;C:\Users\quy.buithi\.m2\repository\org\apache-extras\beanshell\bsh\2.0b6\bsh-2.0b6.jar;C:\Users\quy.buithi\.m2\repository\com\aventstack\extentreports\4.1.3\extentreports-4.1.3.jar;C:\Users\quy.buithi\.m2\repository\org\freemarker\freemarker\2.3.29\freemarker-2.3.29.jar;C:\Users\quy.buithi\.m2\repository\org\apache\httpcomponents\httpclient\4.5.2\httpclient-4.5.2.jar;C:\Users\quy.buithi\.m2\repository\org\apache\httpcomponents\httpcore\4.4.4\httpcore-4.4.4.jar;C:\Users\quy.buithi\.m2\repository\commons-codec\commons-codec\1.9\commons-codec-1.9.jar;C:\Users\quy.buithi\.m2\repository\org\apache\httpcomponents\httpmime\4.5.2\httpmime-4.5.2.jar;C:\Users\quy.buithi\.m2\repository\org\mongodb\mongodb-driver\3.12.0\mongodb-driver-3.12.0.jar;C:\Users\quy.buithi\.m2\repository\org\mongodb\mongodb-driver-core\3.12.0\mongodb-driver-core-3.12.0.jar;C:\Users\quy.buithi\.m2\repository\org\mongodb\bson\3.12.0\bson-3.12.0.jar;C:\Users\quy.buithi\.m2\repository\com\fasterxml\jackson\core\jackson-databind\2.13.3\jackson-databind-2.13.3.jar;C:\Users\quy.buithi\.m2\repository\com\fasterxml\jackson\core\jackson-annotations\2.13.3\jackson-annotations-2.13.3.jar;C:\Users\quy.buithi\.m2\repository\com\fasterxml\jackson\core\jackson-core\2.13.3\jackson-core-2.13.3.jar;C:\Users\quy.buithi\.m2\repository\commons-io\commons-io\2.11.0\commons-io-2.11.0.jar;C:\Users\quy.buithi\.m2\repository\com\browserstack\browserstack-local-java\1.0.6\browserstack-local-java-1.0.6.jar;C:\Users\quy.buithi\.m2\repository\org\json\json\20160212\json-20160212.jar;"/>
    <property name="sun.cpu.endian" value="little"/>
    <property name="user.home" value="C:\Users\quy.buithi"/>
    <property name="user.language" value="en"/>
    <property name="java.specification.vendor" value="Oracle Corporation"/>
    <property name="java.version.date" value="2023-07-18"/>
    <property name="java.home" value="C:\Program Files\Java\jdk-11"/>
    <property name="file.separator" value="\"/>
    <property name="style.color" value="always"/>
    <property name="basedir" value="D:\PTC_Appium_POC\AppiumFrameworkDesign"/>
    <property name="java.vm.compressedOopsMode" value="Zero based"/>
    <property name="line.separator" value="&#10;"/>
    <property name="java.specification.name" value="Java Platform API Specification"/>
    <property name="java.vm.specification.vendor" value="Oracle Corporation"/>
    <property name="java.awt.graphicsenv" value="sun.awt.Win32GraphicsEnvironment"/>
    <property name="surefire.real.class.path" value="C:\Users\QUY~1.BUI\AppData\Local\Temp\surefire10722181120243932158\surefirebooter12815688575152848646.jar"/>
    <property name="user.script" value=""/>
    <property name="sun.management.compiler" value="HotSpot 64-Bit Tiered Compilers"/>
    <property name="java.runtime.version" value="11.0.20+9-LTS-256"/>
    <property name="user.name" value="quy.buithi"/>
    <property name="path.separator" value=";"/>
    <property name="os.version" value="10.0"/>
    <property name="java.runtime.name" value="Java(TM) SE Runtime Environment"/>
    <property name="file.encoding" value="Cp1252"/>
    <property name="java.vm.name" value="Java HotSpot(TM) 64-Bit Server VM"/>
    <property name="java.vendor.version" value="18.9"/>
    <property name="localRepository" value="C:\Users\quy.buithi\.m2\repository"/>
    <property name="java.vendor.url.bug" value="https://bugreport.java.com/bugreport/"/>
    <property name="java.io.tmpdir" value="C:\Users\QUY~1.BUI\AppData\Local\Temp\"/>
    <property name="java.version" value="11.0.20"/>
    <property name="user.dir" value="D:\PTC_Appium_POC\AppiumFrameworkDesign"/>
    <property name="os.arch" value="amd64"/>
    <property name="java.vm.specification.name" value="Java Virtual Machine Specification"/>
    <property name="java.awt.printerjob" value="sun.awt.windows.WPrinterJob"/>
    <property name="sun.os.patch.level" value=""/>
    <property name="java.library.path" value="C:\Program Files\Java\jdk-11\bin;C:\Windows\Sun\Java\bin;C:\Windows\system32;C:\Windows;D:/SW/eclipse-java-2023-03-R-win32-x86_64/eclipse//plugins/org.eclipse.justj.openjdk.hotspot.jre.full.win32.x86_64_17.0.6.v20230204-1729/jre/bin/server;D:/SW/eclipse-java-2023-03-R-win32-x86_64/eclipse//plugins/org.eclipse.justj.openjdk.hotspot.jre.full.win32.x86_64_17.0.6.v20230204-1729/jre/bin;C:\Program Files\Common Files\Oracle\Java\javapath;C:\Windows\system32;C:\Windows;C:\Windows\System32\Wbem;C:\Windows\System32\WindowsPowerShell\v1.0\;C:\Windows\System32\OpenSSH\;C:\Program Files\dotnet\;C:\Program Files\Git\cmd;C:\Program Files\Java\jdk-18.0.2.1\bin;C:\Program Files\apache-maven-3.8.8\bin;C:\Users\quy.buithi\AppData\Local\Android\Sdk\tools\bin;C:\Users\quy.buithi\AppData\Local\Android\Sdk\tools;C:\Users\quy.buithi\AppData\Roaming\npm;C:\Users\quy.buithi\AppData\Local\Android\Sdk\platform-tools;C:\Program Files\nodejs;C:\Program Files\nodejs\;C:\Users\quy.buithi\AppData\Local\Microsoft\WindowsApps;C:\Users\quy.buithi\AppData\Roaming\npm;C:\Users\quy.buithi\AppData\Local\Programs\Microsoft VS Code\bin;D:\SW\eclipse-java-2023-03-R-win32-x86_64\eclipse;;."/>
    <property name="java.vendor" value="Oracle Corporation"/>
    <property name="java.vm.info" value="mixed mode"/>
    <property name="java.vm.version" value="11.0.20+9-LTS-256"/>
    <property name="java.specification.maintenance.version" value="2"/>
    <property name="sun.io.unicode.encoding" value="UnicodeLittle"/>
    <property name="java.class.version" value="55.0"/>
  </properties>
</testsuite>