<?xml version="1.0" encoding="UTF-8"?>
<!-- Generated by org.testng.reporters.JUnitReportReporter -->
<testsuite skipped="0" hostname="CTC-LAPT-071" name="org.test.eCommerce_tc_2" tests="2" failures="0" timestamp="09 May 2023 07:22:33 GMT" time="4.732" errors="0">
  <testcase name="FillForm_PositiveFlow" time="1.180" classname="org.test.eCommerce_tc_2"/>
  <testcase name="FillForm_ErrorValidation" time="3.552" classname="org.test.eCommerce_tc_2"/>
</testsuite> <!-- org.test.eCommerce_tc_2 -->
