<?xml version="1.0" encoding="UTF-8"?>
<!-- Generated by org.testng.reporters.JUnitReportReporter -->
<testsuite hostname="lapdell-0235" failures="0" tests="1" name="org.verifyValidateFormWithName" time="8.734" errors="0" timestamp="20 Sep 2023 09:42:01 GMT" skipped="0">
  <testcase classname="org.verifyValidateFormWithName" name="verifyValidateFormWithName" time="8.734"/>
</testsuite> <!-- org.verifyValidateFormWithName -->
