<?xml version="1.0" encoding="UTF-8"?>
<!-- Generated by org.testng.reporters.JUnitReportReporter -->
<testsuite hostname="lapdell-0235" failures="0" tests="2" name="org.verifyFillFormAndAddToCart" time="52.068" errors="0" timestamp="2023-11-27T18:07:30 ICT" skipped="0">
  <testcase classname="org.verifyFillFormAndAddToCart" name="verifyFillFormAndAddToCart" time="27.703"/>
  <system-out/>
  <testcase classname="org.verifyFillFormAndAddToCart" name="verifyFillFormAndAddToCart" time="24.365"/>
  <system-out/>
</testsuite> <!-- org.verifyFillFormAndAddToCart -->
