<?xml version="1.0" encoding="UTF-8"?>
<!-- Generated by org.testng.reporters.JUnitReportReporter -->
<testsuite hostname="lapdell-0235" failures="0" tests="1" name="org.verifyValidateFormWithoutName" time="6.358" errors="0" timestamp="11 Oct 2023 07:00:12 GMT" skipped="0">
  <testcase classname="org.verifyValidateFormWithoutName" name="verifyValidateFormWithoutName" time="6.358"/>
</testsuite> <!-- org.verifyValidateFormWithoutName -->
