<?xml version="1.0" encoding="UTF-8"?>
<!-- Generated by org.testng.reporters.JUnitReportReporter -->
<testsuite hostname="lapdell-0235" failures="0" tests="1" name="org.verifyValidateFormWithName" time="10.894" errors="0" timestamp="2023-10-12T14:31:11 ICT" skipped="0">
  <testcase classname="org.verifyValidateFormWithName" name="verifyValidateFormWithName" time="10.894"/>
  <system-out/>
</testsuite> <!-- org.verifyValidateFormWithName -->
