<?xml version="1.0" encoding="UTF-8"?>
<!-- Generated by org.testng.reporters.JUnitReportReporter -->
<testsuite hostname="lapdell-0235" failures="0" tests="2" name="org.verifyFillFormAndAddToCart" time="44.212" errors="0" timestamp="2023-11-27T15:54:43 ICT" skipped="0">
  <testcase classname="org.verifyFillFormAndAddToCart" name="verifyFillFormAndAddToCart" time="19.871"/>
  <system-out/>
  <testcase classname="org.verifyFillFormAndAddToCart" name="verifyFillFormAndAddToCart" time="24.341"/>
  <system-out/>
</testsuite> <!-- org.verifyFillFormAndAddToCart -->
