<?xml version="1.0" encoding="UTF-8"?>
<!-- Generated by org.testng.reporters.JUnitReportReporter -->
<testsuite hostname="lapdell-0235" failures="0" tests="2" name="org.verifyFillFormAndAddToCart" time="35.034" errors="0" timestamp="25 Sep 2023 11:02:14 GMT" skipped="0">
  <testcase classname="org.verifyFillFormAndAddToCart" name="verifyFillFormAndAddToCart" time="17.097"/>
  <testcase classname="org.verifyFillFormAndAddToCart" name="verifyFillFormAndAddToCart" time="17.937"/>
</testsuite> <!-- org.verifyFillFormAndAddToCart -->
