<?xml version="1.0" encoding="UTF-8"?>
<!-- Generated by org.testng.reporters.JUnitReportReporter -->
<testsuite hostname="lapdell-0235" failures="0" tests="2" name="org.verifyFillFormAndAddToCart" time="25.216" errors="0" timestamp="11 Oct 2023 07:00:12 GMT" skipped="0">
  <testcase classname="org.verifyFillFormAndAddToCart" name="verifyFillFormAndAddToCart" time="13.022"/>
  <testcase classname="org.verifyFillFormAndAddToCart" name="verifyFillFormAndAddToCart" time="12.194"/>
</testsuite> <!-- org.verifyFillFormAndAddToCart -->
