<?xml version="1.0" encoding="UTF-8"?>
<!-- Generated by org.testng.reporters.JUnitReportReporter -->
<testsuite hostname="lapdell-0235" failures="0" tests="1" name="org.verifyValidateFormWithName" time="7.862" errors="0" timestamp="11 Oct 2023 07:00:12 GMT" skipped="0">
  <testcase classname="org.verifyValidateFormWithName" name="verifyValidateFormWithName" time="7.862"/>
</testsuite> <!-- org.verifyValidateFormWithName -->
