<?xml version="1.0" encoding="UTF-8"?>
<!-- Generated by org.testng.reporters.JUnitReportReporter -->
<testsuite hostname="lapdell-0235" failures="0" tests="1" name="org.verifyValidateFormWithName" time="7.448" errors="0" timestamp="25 Sep 2023 11:12:49 GMT" skipped="0">
  <testcase classname="org.verifyValidateFormWithName" name="verifyValidateFormWithName" time="7.448"/>
</testsuite> <!-- org.verifyValidateFormWithName -->
